# JRE version: Java(TM) SE Runtime Environment (8.0_131-b11) (build 1.8.0_131-b11)
# Java VM: Java HotSpot(TM) 64-Bit Server VM (25.131-b11 mixed mode windows-amd64 compressed oops)
Heap:
 PSYoungGen      total 366080K, used 278480K [0x00000000e0000000, 0x00000000fe180000, 0x0000000100000000)
  eden space 345088K, 80% used [0x00000000e0000000,0x00000000f0ff4270,0x00000000f5100000)
  from space 20992K, 0% used [0x00000000f5100000,0x00000000f5100000,0x00000000f6580000)
  to   space 73216K, 0% used [0x00000000f9a00000,0x00000000f9a00000,0x00000000fe180000)
 ParOldGen       total 351744K, used 92603K [0x00000000a0000000, 0x00000000b5780000, 0x00000000e0000000)
  object space 351744K, 26% used [0x00000000a0000000,0x00000000a5a6ec28,0x00000000b5780000)
 Metaspace       used 187168K, capacity 194936K, committed 216960K, reserved 1239040K
  class space    used 22903K, capacity 24253K, committed 28032K, reserved 1048576K
GC Heap History (10 events):
Event: 9010.958 GC heap before
{Heap before GC invocations=70 (full 6):
 PSYoungGen      total 425472K, used 359548K [0x00000000e0000000, 0x00000000ff100000, 0x0000000100000000)
  eden space 340480K, 100% used [0x00000000e0000000,0x00000000f4c80000,0x00000000f4c80000)
  from space 84992K, 22% used [0x00000000f4c80000,0x00000000f5f1f068,0x00000000f9f80000)
  to   space 81920K, 0% used [0x00000000fa100000,0x00000000fa100000,0x00000000ff100000)
 ParOldGen       total 351744K, used 104069K [0x00000000a0000000, 0x00000000b5780000, 0x00000000e0000000)
  object space 351744K, 29% used [0x00000000a0000000,0x00000000a65a1658,0x00000000b5780000)
 Metaspace       used 200514K, capacity 213740K, committed 214016K, reserved 1234944K
  class space    used 25183K, capacity 27557K, committed 27648K, reserved 1048576K
Event: 9010.986 GC heap after
Heap after GC invocations=70 (full 6):
 PSYoungGen      total 416768K, used 24272K [0x00000000e0000000, 0x00000000fe800000, 0x0000000100000000)
  eden space 344064K, 0% used [0x00000000e0000000,0x00000000e0000000,0x00000000f5000000)
  from space 72704K, 33% used [0x00000000fa100000,0x00000000fb8b4238,0x00000000fe800000)
  to   space 77824K, 0% used [0x00000000f5000000,0x00000000f5000000,0x00000000f9c00000)
 ParOldGen       total 351744K, used 104077K [0x00000000a0000000, 0x00000000b5780000, 0x00000000e0000000)
  object space 351744K, 29% used [0x00000000a0000000,0x00000000a65a3658,0x00000000b5780000)
 Metaspace       used 200514K, capacity 213740K, committed 214016K, reserved 1234944K
  class space    used 25183K, capacity 27557K, committed 27648K, reserved 1048576K
}
Event: 9165.023 GC heap before
{Heap before GC invocations=71 (full 6):
 PSYoungGen      total 416768K, used 368336K [0x00000000e0000000, 0x00000000fe800000, 0x0000000100000000)
  eden space 344064K, 100% used [0x00000000e0000000,0x00000000f5000000,0x00000000f5000000)
  from space 72704K, 33% used [0x00000000fa100000,0x00000000fb8b4238,0x00000000fe800000)
  to   space 77824K, 0% used [0x00000000f5000000,0x00000000f5000000,0x00000000f9c00000)
 ParOldGen       total 351744K, used 104077K [0x00000000a0000000, 0x00000000b5780000, 0x00000000e0000000)
  object space 351744K, 29% used [0x00000000a0000000,0x00000000a65a3658,0x00000000b5780000)
 Metaspace       used 201097K, capacity 214538K, committed 214784K, reserved 1236992K
  class space    used 25231K, capacity 27642K, committed 27648K, reserved 1048576K
Event: 9165.057 GC heap after
Heap after GC invocations=71 (full 6):
 PSYoungGen      total 367104K, used 22626K [0x00000000e0000000, 0x00000000fe400000, 0x0000000100000000)
  eden space 344064K, 0% used [0x00000000e0000000,0x00000000e0000000,0x00000000f5000000)
  from space 23040K, 98% used [0x00000000f5000000,0x00000000f6618950,0x00000000f6680000)
  to   space 74240K, 0% used [0x00000000f9b80000,0x00000000f9b80000,0x00000000fe400000)
 ParOldGen       total 351744K, used 104085K [0x00000000a0000000, 0x00000000b5780000, 0x00000000e0000000)
  object space 351744K, 29% used [0x00000000a0000000,0x00000000a65a5658,0x00000000b5780000)
 Metaspace       used 201097K, capacity 214538K, committed 214784K, reserved 1236992K
  class space    used 25231K, capacity 27642K, committed 27648K, reserved 1048576K
}
Event: 14491.747 GC heap before
{Heap before GC invocations=72 (full 6):
 PSYoungGen      total 367104K, used 366690K [0x00000000e0000000, 0x00000000fe400000, 0x0000000100000000)
  eden space 344064K, 100% used [0x00000000e0000000,0x00000000f5000000,0x00000000f5000000)
  from space 23040K, 98% used [0x00000000f5000000,0x00000000f6618950,0x00000000f6680000)
  to   space 74240K, 0% used [0x00000000f9b80000,0x00000000f9b80000,0x00000000fe400000)
 ParOldGen       total 351744K, used 104085K [0x00000000a0000000, 0x00000000b5780000, 0x00000000e0000000)
  object space 351744K, 29% used [0x00000000a0000000,0x00000000a65a5658,0x00000000b5780000)
 Metaspace       used 201295K, capacity 214696K, committed 214784K, reserved 1236992K
  class space    used 25235K, capacity 27647K, committed 27648K, reserved 1048576K
Event: 14491.901 GC heap after
Heap after GC invocations=72 (full 6):
 PSYoungGen      total 419328K, used 46048K [0x00000000e0000000, 0x00000000fe780000, 0x0000000100000000)
  eden space 345088K, 0% used [0x00000000e0000000,0x00000000e0000000,0x00000000f5100000)
  from space 74240K, 62% used [0x00000000f9b80000,0x00000000fc878318,0x00000000fe400000)
  to   space 76288K, 0% used [0x00000000f5100000,0x00000000f5100000,0x00000000f9b80000)
 ParOldGen       total 351744K, used 104093K [0x00000000a0000000, 0x00000000b5780000, 0x00000000e0000000)
  object space 351744K, 29% used [0x00000000a0000000,0x00000000a65a7658,0x00000000b5780000)
 Metaspace       used 201295K, capacity 214696K, committed 214784K, reserved 1236992K
  class space    used 25235K, capacity 27647K, committed 27648K, reserved 1048576K
}
Event: 14545.726 GC heap before
{Heap before GC invocations=73 (full 6):
 PSYoungGen      total 419328K, used 364002K [0x00000000e0000000, 0x00000000fe780000, 0x0000000100000000)
  eden space 345088K, 92% used [0x00000000e0000000,0x00000000f3680500,0x00000000f5100000)
  from space 74240K, 62% used [0x00000000f9b80000,0x00000000fc878318,0x00000000fe400000)
  to   space 76288K, 0% used [0x00000000f5100000,0x00000000f5100000,0x00000000f9b80000)
 ParOldGen       total 351744K, used 104093K [0x00000000a0000000, 0x00000000b5780000, 0x00000000e0000000)
  object space 351744K, 29% used [0x00000000a0000000,0x00000000a65a7658,0x00000000b5780000)
 Metaspace       used 203031K, capacity 216666K, committed 216960K, reserved 1239040K
  class space    used 25476K, capacity 27908K, committed 28032K, reserved 1048576K
Event: 14545.765 GC heap after
Heap after GC invocations=73 (full 6):
 PSYoungGen      total 366080K, used 20528K [0x00000000e0000000, 0x00000000fe180000, 0x0000000100000000)
  eden space 345088K, 0% used [0x00000000e0000000,0x00000000e0000000,0x00000000f5100000)
  from space 20992K, 97% used [0x00000000f5100000,0x00000000f650c3c8,0x00000000f6580000)
  to   space 73216K, 0% used [0x00000000f9a00000,0x00000000f9a00000,0x00000000fe180000)
 ParOldGen       total 351744K, used 104101K [0x00000000a0000000, 0x00000000b5780000, 0x00000000e0000000)
  object space 351744K, 29% used [0x00000000a0000000,0x00000000a65a9658,0x00000000b5780000)
 Metaspace       used 203031K, capacity 216666K, committed 216960K, reserved 1239040K
  class space    used 25476K, capacity 27908K, committed 28032K, reserved 1048576K
}
Event: 14545.765 GC heap before
{Heap before GC invocations=74 (full 7):
 PSYoungGen      total 366080K, used 20528K [0x00000000e0000000, 0x00000000fe180000, 0x0000000100000000)
  eden space 345088K, 0% used [0x00000000e0000000,0x00000000e0000000,0x00000000f5100000)
  from space 20992K, 97% used [0x00000000f5100000,0x00000000f650c3c8,0x00000000f6580000)
  to   space 73216K, 0% used [0x00000000f9a00000,0x00000000f9a00000,0x00000000fe180000)
 ParOldGen       total 351744K, used 104101K [0x00000000a0000000, 0x00000000b5780000, 0x00000000e0000000)
  object space 351744K, 29% used [0x00000000a0000000,0x00000000a65a9658,0x00000000b5780000)
 Metaspace       used 203031K, capacity 216666K, committed 216960K, reserved 1239040K
  class space    used 25476K, capacity 27908K, committed 28032K, reserved 1048576K
Event: 14548.588 GC heap after
Heap after GC invocations=74 (full 7):
 PSYoungGen      total 366080K, used 0K [0x00000000e0000000, 0x00000000fe180000, 0x0000000100000000)
  eden space 345088K, 0% used [0x00000000e0000000,0x00000000e0000000,0x00000000f5100000)
  from space 20992K, 0% used [0x00000000f5100000,0x00000000f5100000,0x00000000f6580000)
  to   space 73216K, 0% used [0x00000000f9a00000,0x00000000f9a00000,0x00000000fe180000)
 ParOldGen       total 351744K, used 92603K [0x00000000a0000000, 0x00000000b5780000, 0x00000000e0000000)
  object space 351744K, 26% used [0x00000000a0000000,0x00000000a5a6ec28,0x00000000b5780000)
 Metaspace       used 186865K, capacity 194634K, committed 216960K, reserved 1239040K
  class space    used 22866K, capacity 24224K, committed 28032K, reserved 1048576K
}

