# JRE version: Java(TM) SE Runtime Environment (8.0_131-b11) (build 1.8.0_131-b11)
# Java VM: Java HotSpot(TM) 64-Bit Server VM (25.131-b11 mixed mode windows-amd64 compressed oops)
Heap:
 PSYoungGen      total 136192K, used 32352K [0x00000000d6100000, 0x00000000e0000000, 0x0000000100000000)
  eden space 131072K, 24% used [0x00000000d6100000,0x00000000d8098158,0x00000000de100000)
  from space 5120K, 0% used [0x00000000de100000,0x00000000de100000,0x00000000de600000)
  to   space 15360K, 0% used [0x00000000df100000,0x00000000df100000,0x00000000e0000000)
 ParOldGen       total 113664K, used 18095K [0x0000000082200000, 0x0000000089100000, 0x00000000d6100000)
  object space 113664K, 15% used [0x0000000082200000,0x00000000833abd10,0x0000000089100000)
 Metaspace       used 37196K, capacity 37796K, committed 38016K, reserved 1083392K
  class space    used 4832K, capacity 4985K, committed 4992K, reserved 1048576K
GC Heap History (10 events):
Event: 1.483 GC heap before
{Heap before GC invocations=3 (full 0):
 PSYoungGen      total 70656K, used 22626K [0x00000000d6100000, 0x00000000dab00000, 0x0000000100000000)
  eden space 65536K, 26% used [0x00000000d6100000,0x00000000d721cb30,0x00000000da100000)
  from space 5120K, 99% used [0x00000000da600000,0x00000000daafc010,0x00000000dab00000)
  to   space 5120K, 0% used [0x00000000da100000,0x00000000da100000,0x00000000da600000)
 ParOldGen       total 86016K, used 7661K [0x0000000082200000, 0x0000000087600000, 0x00000000d6100000)
  object space 86016K, 8% used [0x0000000082200000,0x000000008297b408,0x0000000087600000)
 Metaspace       used 20788K, capacity 21176K, committed 21296K, reserved 1069056K
  class space    used 2522K, capacity 2654K, committed 2688K, reserved 1048576K
Event: 1.491 GC heap after
Heap after GC invocations=3 (full 0):
 PSYoungGen      total 70656K, used 5089K [0x00000000d6100000, 0x00000000deb00000, 0x0000000100000000)
  eden space 65536K, 0% used [0x00000000d6100000,0x00000000d6100000,0x00000000da100000)
  from space 5120K, 99% used [0x00000000da100000,0x00000000da5f8658,0x00000000da600000)
  to   space 5120K, 0% used [0x00000000de600000,0x00000000de600000,0x00000000deb00000)
 ParOldGen       total 86016K, used 11714K [0x0000000082200000, 0x0000000087600000, 0x00000000d6100000)
  object space 86016K, 13% used [0x0000000082200000,0x0000000082d70a50,0x0000000087600000)
 Metaspace       used 20788K, capacity 21176K, committed 21296K, reserved 1069056K
  class space    used 2522K, capacity 2654K, committed 2688K, reserved 1048576K
}
Event: 1.491 GC heap before
{Heap before GC invocations=4 (full 1):
 PSYoungGen      total 70656K, used 5089K [0x00000000d6100000, 0x00000000deb00000, 0x0000000100000000)
  eden space 65536K, 0% used [0x00000000d6100000,0x00000000d6100000,0x00000000da100000)
  from space 5120K, 99% used [0x00000000da100000,0x00000000da5f8658,0x00000000da600000)
  to   space 5120K, 0% used [0x00000000de600000,0x00000000de600000,0x00000000deb00000)
 ParOldGen       total 86016K, used 11714K [0x0000000082200000, 0x0000000087600000, 0x00000000d6100000)
  object space 86016K, 13% used [0x0000000082200000,0x0000000082d70a50,0x0000000087600000)
 Metaspace       used 20788K, capacity 21176K, committed 21296K, reserved 1069056K
  class space    used 2522K, capacity 2654K, committed 2688K, reserved 1048576K
Event: 1.527 GC heap after
Heap after GC invocations=4 (full 1):
 PSYoungGen      total 70656K, used 0K [0x00000000d6100000, 0x00000000deb00000, 0x0000000100000000)
  eden space 65536K, 0% used [0x00000000d6100000,0x00000000d6100000,0x00000000da100000)
  from space 5120K, 0% used [0x00000000da100000,0x00000000da100000,0x00000000da600000)
  to   space 5120K, 0% used [0x00000000de600000,0x00000000de600000,0x00000000deb00000)
 ParOldGen       total 66048K, used 8983K [0x0000000082200000, 0x0000000086280000, 0x00000000d6100000)
  object space 66048K, 13% used [0x0000000082200000,0x0000000082ac5f40,0x0000000086280000)
 Metaspace       used 20788K, capacity 21176K, committed 21296K, reserved 1069056K
  class space    used 2522K, capacity 2654K, committed 2688K, reserved 1048576K
}
Event: 2.736 GC heap before
{Heap before GC invocations=5 (full 1):
 PSYoungGen      total 70656K, used 65536K [0x00000000d6100000, 0x00000000deb00000, 0x0000000100000000)
  eden space 65536K, 100% used [0x00000000d6100000,0x00000000da100000,0x00000000da100000)
  from space 5120K, 0% used [0x00000000da100000,0x00000000da100000,0x00000000da600000)
  to   space 5120K, 0% used [0x00000000de600000,0x00000000de600000,0x00000000deb00000)
 ParOldGen       total 66048K, used 8983K [0x0000000082200000, 0x0000000086280000, 0x00000000d6100000)
  object space 66048K, 13% used [0x0000000082200000,0x0000000082ac5f40,0x0000000086280000)
 Metaspace       used 30352K, capacity 30861K, committed 31232K, reserved 1077248K
  class space    used 3838K, capacity 3992K, committed 4096K, reserved 1048576K
Event: 2.752 GC heap after
Heap after GC invocations=5 (full 1):
 PSYoungGen      total 97792K, used 5090K [0x00000000d6100000, 0x00000000deb00000, 0x0000000100000000)
  eden space 92672K, 0% used [0x00000000d6100000,0x00000000d6100000,0x00000000dbb80000)
  from space 5120K, 99% used [0x00000000de600000,0x00000000deaf8918,0x00000000deb00000)
  to   space 5120K, 0% used [0x00000000de100000,0x00000000de100000,0x00000000de600000)
 ParOldGen       total 66048K, used 20312K [0x0000000082200000, 0x0000000086280000, 0x00000000d6100000)
  object space 66048K, 30% used [0x0000000082200000,0x00000000835d61f8,0x0000000086280000)
 Metaspace       used 30352K, capacity 30861K, committed 31232K, reserved 1077248K
  class space    used 3838K, capacity 3992K, committed 4096K, reserved 1048576K
}
Event: 3.158 GC heap before
{Heap before GC invocations=6 (full 1):
 PSYoungGen      total 97792K, used 27430K [0x00000000d6100000, 0x00000000deb00000, 0x0000000100000000)
  eden space 92672K, 24% used [0x00000000d6100000,0x00000000d76d1138,0x00000000dbb80000)
  from space 5120K, 99% used [0x00000000de600000,0x00000000deaf8918,0x00000000deb00000)
  to   space 5120K, 0% used [0x00000000de100000,0x00000000de100000,0x00000000de600000)
 ParOldGen       total 66048K, used 20312K [0x0000000082200000, 0x0000000086280000, 0x00000000d6100000)
  object space 66048K, 30% used [0x0000000082200000,0x00000000835d61f8,0x0000000086280000)
 Metaspace       used 34708K, capacity 35248K, committed 35456K, reserved 1079296K
  class space    used 4536K, capacity 4679K, committed 4736K, reserved 1048576K
Event: 3.166 GC heap after
Heap after GC invocations=6 (full 1):
 PSYoungGen      total 136192K, used 5090K [0x00000000d6100000, 0x00000000e0000000, 0x0000000100000000)
  eden space 131072K, 0% used [0x00000000d6100000,0x00000000d6100000,0x00000000de100000)
  from space 5120K, 99% used [0x00000000de100000,0x00000000de5f8918,0x00000000de600000)
  to   space 15360K, 0% used [0x00000000df100000,0x00000000df100000,0x00000000e0000000)
 ParOldGen       total 66048K, used 25746K [0x0000000082200000, 0x0000000086280000, 0x00000000d6100000)
  object space 66048K, 38% used [0x0000000082200000,0x0000000083b24800,0x0000000086280000)
 Metaspace       used 34708K, capacity 35248K, committed 35456K, reserved 1079296K
  class space    used 4536K, capacity 4679K, committed 4736K, reserved 1048576K
}
Event: 3.166 GC heap before
{Heap before GC invocations=7 (full 2):
 PSYoungGen      total 136192K, used 5090K [0x00000000d6100000, 0x00000000e0000000, 0x0000000100000000)
  eden space 131072K, 0% used [0x00000000d6100000,0x00000000d6100000,0x00000000de100000)
  from space 5120K, 99% used [0x00000000de100000,0x00000000de5f8918,0x00000000de600000)
  to   space 15360K, 0% used [0x00000000df100000,0x00000000df100000,0x00000000e0000000)
 ParOldGen       total 66048K, used 25746K [0x0000000082200000, 0x0000000086280000, 0x00000000d6100000)
  object space 66048K, 38% used [0x0000000082200000,0x0000000083b24800,0x0000000086280000)
 Metaspace       used 34708K, capacity 35248K, committed 35456K, reserved 1079296K
  class space    used 4536K, capacity 4679K, committed 4736K, reserved 1048576K
Event: 3.234 GC heap after
Heap after GC invocations=7 (full 2):
 PSYoungGen      total 136192K, used 0K [0x00000000d6100000, 0x00000000e0000000, 0x0000000100000000)
  eden space 131072K, 0% used [0x00000000d6100000,0x00000000d6100000,0x00000000de100000)
  from space 5120K, 0% used [0x00000000de100000,0x00000000de100000,0x00000000de600000)
  to   space 15360K, 0% used [0x00000000df100000,0x00000000df100000,0x00000000e0000000)
 ParOldGen       total 113664K, used 18095K [0x0000000082200000, 0x0000000089100000, 0x00000000d6100000)
  object space 113664K, 15% used [0x0000000082200000,0x00000000833abd10,0x0000000089100000)
 Metaspace       used 34708K, capacity 35248K, committed 35456K, reserved 1079296K
  class space    used 4536K, capacity 4679K, committed 4736K, reserved 1048576K
}

